<?xml version="1.0" encoding="UTF-8"?>
<!-- Generated by org.testng.reporters.JUnitReportReporter -->
<testsuite hostname="WBCNODE40" failures="0" tests="1" name="TestScripts.TestCases" time="24.659" errors="0" timestamp="2020-10-19T13:12:23 IST" skipped="0">
  <testcase classname="TestScripts.TestCases" name="loginPageTest" time="24.659"/>
</testsuite> <!-- TestScripts.TestCases -->
